mode: atomic
backend/apps/severino/src/handlers/accounts/user_handler.go:30.74,34.2 1 58
backend/apps/severino/src/handlers/accounts/user_handler.go:36.59,41.37 4 10
backend/apps/severino/src/handlers/accounts/user_handler.go:46.2,46.41 1 6
backend/apps/severino/src/handlers/accounts/user_handler.go:51.2,52.16 2 2
backend/apps/severino/src/handlers/accounts/user_handler.go:65.2,72.71 4 2
backend/apps/severino/src/handlers/accounts/user_handler.go:76.2,83.16 6 2
backend/apps/severino/src/handlers/accounts/user_handler.go:87.2,93.73 3 2
backend/apps/severino/src/handlers/accounts/user_handler.go:41.37,44.3 2 4
backend/apps/severino/src/handlers/accounts/user_handler.go:46.41,49.3 2 4
backend/apps/severino/src/handlers/accounts/user_handler.go:52.16,58.34 4 0
backend/apps/severino/src/handlers/accounts/user_handler.go:62.3,62.69 1 0
backend/apps/severino/src/handlers/accounts/user_handler.go:58.34,60.4 1 0
backend/apps/severino/src/handlers/accounts/user_handler.go:72.71,75.3 2 0
backend/apps/severino/src/handlers/accounts/user_handler.go:83.16,85.3 1 0
backend/apps/severino/src/handlers/accounts/user_handler.go:96.61,101.22 4 8
backend/apps/severino/src/handlers/accounts/user_handler.go:113.2,122.5 3 6
backend/apps/severino/src/handlers/accounts/user_handler.go:101.22,106.41 4 2
backend/apps/severino/src/handlers/accounts/user_handler.go:110.3,110.75 1 2
backend/apps/severino/src/handlers/accounts/user_handler.go:106.41,108.4 1 2
backend/apps/severino/src/handlers/accounts/subscription_handler.go:21.90,25.2 1 58
backend/apps/severino/src/handlers/accounts/subscription_handler.go:27.75,29.45 2 20
backend/apps/severino/src/handlers/accounts/subscription_handler.go:34.2,34.49 1 16
backend/apps/severino/src/handlers/accounts/subscription_handler.go:39.2,40.16 2 10
backend/apps/severino/src/handlers/accounts/subscription_handler.go:58.2,61.98 3 4
backend/apps/severino/src/handlers/accounts/subscription_handler.go:29.45,32.3 2 4
backend/apps/severino/src/handlers/accounts/subscription_handler.go:34.49,37.3 2 6
backend/apps/severino/src/handlers/accounts/subscription_handler.go:40.16,46.20 4 6
backend/apps/severino/src/handlers/accounts/subscription_handler.go:55.3,55.69 1 6
backend/apps/severino/src/handlers/accounts/subscription_handler.go:47.30,48.40 1 0
backend/apps/severino/src/handlers/accounts/subscription_handler.go:49.28,50.42 1 4
backend/apps/severino/src/handlers/accounts/subscription_handler.go:51.11,52.49 1 2
backend/apps/severino/src/handlers/accounts/subscription_handler.go:64.77,66.45 2 20
backend/apps/severino/src/handlers/accounts/subscription_handler.go:71.2,71.49 1 16
backend/apps/severino/src/handlers/accounts/subscription_handler.go:76.2,77.16 2 10
backend/apps/severino/src/handlers/accounts/subscription_handler.go:97.2,100.98 3 4
backend/apps/severino/src/handlers/accounts/subscription_handler.go:66.45,69.3 2 4
backend/apps/severino/src/handlers/accounts/subscription_handler.go:71.49,74.3 2 6
backend/apps/severino/src/handlers/accounts/subscription_handler.go:77.16,83.20 4 6
backend/apps/severino/src/handlers/accounts/subscription_handler.go:94.3,94.69 1 6
backend/apps/severino/src/handlers/accounts/subscription_handler.go:84.30,85.40 1 0
backend/apps/severino/src/handlers/accounts/subscription_handler.go:86.28,87.42 1 4
backend/apps/severino/src/handlers/accounts/subscription_handler.go:88.23,89.42 1 0
backend/apps/severino/src/handlers/accounts/subscription_handler.go:90.11,91.49 1 2
