mode: atomic
backend/apps/accounts/src/rpc/subscription_server.go:27.93,34.14 3 32
backend/apps/accounts/src/rpc/subscription_server.go:38.2,38.15 1 32
backend/apps/accounts/src/rpc/subscription_server.go:34.14,37.3 1 0
backend/apps/accounts/src/rpc/subscription_server.go:41.123,47.36 4 16
backend/apps/accounts/src/rpc/subscription_server.go:53.2,53.27 1 16
backend/apps/accounts/src/rpc/subscription_server.go:57.2,57.38 1 6
backend/apps/accounts/src/rpc/subscription_server.go:47.36,49.3 1 12
backend/apps/accounts/src/rpc/subscription_server.go:49.8,51.3 1 4
backend/apps/accounts/src/rpc/subscription_server.go:53.27,55.3 1 10
backend/apps/accounts/src/rpc/subscription_server.go:60.124,66.16 4 8
backend/apps/accounts/src/rpc/subscription_server.go:71.2,73.65 2 6
backend/apps/accounts/src/rpc/subscription_server.go:78.2,78.27 1 4
backend/apps/accounts/src/rpc/subscription_server.go:86.2,104.18 5 4
backend/apps/accounts/src/rpc/subscription_server.go:66.16,69.3 2 2
backend/apps/accounts/src/rpc/subscription_server.go:73.65,76.3 2 2
backend/apps/accounts/src/rpc/subscription_server.go:78.27,80.17 2 0
backend/apps/accounts/src/rpc/subscription_server.go:80.17,83.4 2 0
backend/apps/accounts/src/rpc/subscription_server.go:107.50,113.2 3 16
backend/apps/accounts/src/rpc/subscription_server.go:115.43,116.26 1 28
backend/apps/accounts/src/rpc/subscription_server.go:120.2,120.33 1 28
backend/apps/accounts/src/rpc/subscription_server.go:125.2,125.14 1 0
backend/apps/accounts/src/rpc/subscription_server.go:116.26,118.3 1 0
backend/apps/accounts/src/rpc/subscription_server.go:120.33,123.3 2 28
backend/apps/accounts/src/rpc/subscription_server.go:128.119,131.36 2 10
backend/apps/accounts/src/rpc/subscription_server.go:135.2,145.16 4 10
backend/apps/accounts/src/rpc/subscription_server.go:149.2,151.20 2 8
backend/apps/accounts/src/rpc/subscription_server.go:156.2,157.16 2 6
backend/apps/accounts/src/rpc/subscription_server.go:161.2,163.36 2 4
backend/apps/accounts/src/rpc/subscription_server.go:171.2,175.18 2 4
backend/apps/accounts/src/rpc/subscription_server.go:131.36,133.3 1 2
backend/apps/accounts/src/rpc/subscription_server.go:145.16,148.3 2 2
backend/apps/accounts/src/rpc/subscription_server.go:151.20,154.3 2 2
backend/apps/accounts/src/rpc/subscription_server.go:157.16,160.3 2 2
backend/apps/accounts/src/rpc/subscription_server.go:163.36,166.3 2 2
backend/apps/accounts/src/rpc/subscription_server.go:166.8,169.3 2 2
backend/apps/accounts/src/rpc/subscription_server.go:178.109,180.16 2 6
backend/apps/accounts/src/rpc/subscription_server.go:185.2,187.36 3 4
backend/apps/accounts/src/rpc/subscription_server.go:203.2,209.18 3 4
backend/apps/accounts/src/rpc/subscription_server.go:180.16,183.3 2 2
backend/apps/accounts/src/rpc/subscription_server.go:187.36,194.3 2 2
backend/apps/accounts/src/rpc/subscription_server.go:194.8,201.3 2 2
backend/apps/accounts/src/rpc/user_server.go:22.77,29.14 3 16
backend/apps/accounts/src/rpc/user_server.go:33.2,33.15 1 16
backend/apps/accounts/src/rpc/user_server.go:29.14,32.3 1 0
backend/apps/accounts/src/rpc/user_server.go:36.99,52.16 5 10
backend/apps/accounts/src/rpc/user_server.go:57.2,60.82 3 8
backend/apps/accounts/src/rpc/user_server.go:68.2,71.16 3 6
backend/apps/accounts/src/rpc/user_server.go:76.2,80.16 2 4
backend/apps/accounts/src/rpc/user_server.go:85.2,93.18 4 2
backend/apps/accounts/src/rpc/user_server.go:52.16,55.3 2 2
backend/apps/accounts/src/rpc/user_server.go:60.82,66.3 2 2
backend/apps/accounts/src/rpc/user_server.go:71.16,74.3 2 2
backend/apps/accounts/src/rpc/user_server.go:80.16,83.3 2 2
backend/apps/accounts/src/rpc/user_server.go:96.103,108.16 4 6
backend/apps/accounts/src/rpc/user_server.go:113.2,116.32 4 4
backend/apps/accounts/src/rpc/user_server.go:136.2,141.8 2 4
backend/apps/accounts/src/rpc/user_server.go:108.16,111.3 2 2
backend/apps/accounts/src/rpc/user_server.go:116.32,119.38 2 6
backend/apps/accounts/src/rpc/user_server.go:123.3,133.31 2 6
backend/apps/accounts/src/rpc/user_server.go:119.38,121.4 1 6
