mode: atomic
backend/apps/severino/src/handlers/elearning/album_handler.go:28.76,32.2 1 240
backend/apps/severino/src/handlers/elearning/album_handler.go:34.61,39.38 4 33
backend/apps/severino/src/handlers/elearning/album_handler.go:44.2,44.42 1 21
backend/apps/severino/src/handlers/elearning/album_handler.go:49.2,50.16 2 15
backend/apps/severino/src/handlers/elearning/album_handler.go:62.2,69.73 4 12
backend/apps/severino/src/handlers/elearning/album_handler.go:39.38,42.3 2 12
backend/apps/severino/src/handlers/elearning/album_handler.go:44.42,47.3 2 6
backend/apps/severino/src/handlers/elearning/album_handler.go:50.16,56.34 4 3
backend/apps/severino/src/handlers/elearning/album_handler.go:60.3,60.69 1 3
backend/apps/severino/src/handlers/elearning/album_handler.go:56.34,58.4 1 3
backend/apps/severino/src/handlers/elearning/album_handler.go:72.61,77.38 4 21
backend/apps/severino/src/handlers/elearning/album_handler.go:82.2,83.16 2 18
backend/apps/severino/src/handlers/elearning/album_handler.go:87.2,89.42 2 15
backend/apps/severino/src/handlers/elearning/album_handler.go:94.2,96.16 3 9
backend/apps/severino/src/handlers/elearning/album_handler.go:109.2,115.68 4 6
backend/apps/severino/src/handlers/elearning/album_handler.go:77.38,80.3 2 3
backend/apps/severino/src/handlers/elearning/album_handler.go:83.16,86.3 2 3
backend/apps/severino/src/handlers/elearning/album_handler.go:89.42,92.3 2 6
backend/apps/severino/src/handlers/elearning/album_handler.go:96.16,102.34 4 3
backend/apps/severino/src/handlers/elearning/album_handler.go:106.3,106.69 1 3
backend/apps/severino/src/handlers/elearning/album_handler.go:102.34,104.4 1 3
backend/apps/severino/src/handlers/elearning/album_handler.go:118.63,123.23 4 18
backend/apps/severino/src/handlers/elearning/album_handler.go:136.2,144.5 2 12
backend/apps/severino/src/handlers/elearning/album_handler.go:123.23,129.41 4 6
backend/apps/severino/src/handlers/elearning/album_handler.go:133.3,133.76 1 6
backend/apps/severino/src/handlers/elearning/album_handler.go:129.41,131.4 1 6
backend/apps/severino/src/handlers/elearning/album_handler.go:148.62,201.2 1 3
backend/apps/severino/src/handlers/elearning/album_handler.go:248.62,253.16 4 12
backend/apps/severino/src/handlers/elearning/album_handler.go:258.2,264.16 4 9
backend/apps/severino/src/handlers/elearning/album_handler.go:277.2,282.16 5 6
backend/apps/severino/src/handlers/elearning/album_handler.go:295.2,301.68 4 3
backend/apps/severino/src/handlers/elearning/album_handler.go:253.16,256.3 2 3
backend/apps/severino/src/handlers/elearning/album_handler.go:264.16,270.34 4 3
backend/apps/severino/src/handlers/elearning/album_handler.go:274.3,274.69 1 3
backend/apps/severino/src/handlers/elearning/album_handler.go:270.34,272.4 1 3
backend/apps/severino/src/handlers/elearning/album_handler.go:282.16,288.34 4 3
backend/apps/severino/src/handlers/elearning/album_handler.go:292.3,292.69 1 3
backend/apps/severino/src/handlers/elearning/album_handler.go:288.34,290.4 1 3
backend/apps/severino/src/handlers/elearning/album_handler.go:304.64,309.16 4 12
backend/apps/severino/src/handlers/elearning/album_handler.go:314.2,320.16 4 9
backend/apps/severino/src/handlers/elearning/album_handler.go:333.2,341.16 6 6
backend/apps/severino/src/handlers/elearning/album_handler.go:354.2,360.68 4 3
backend/apps/severino/src/handlers/elearning/album_handler.go:309.16,312.3 2 3
backend/apps/severino/src/handlers/elearning/album_handler.go:320.16,326.34 4 3
backend/apps/severino/src/handlers/elearning/album_handler.go:330.3,330.69 1 3
backend/apps/severino/src/handlers/elearning/album_handler.go:326.34,328.4 1 3
backend/apps/severino/src/handlers/elearning/album_handler.go:341.16,347.34 4 3
backend/apps/severino/src/handlers/elearning/album_handler.go:351.3,351.69 1 3
backend/apps/severino/src/handlers/elearning/album_handler.go:347.34,349.4 1 3
backend/apps/severino/src/handlers/elearning/album_handler.go:363.61,368.38 4 9
backend/apps/severino/src/handlers/elearning/album_handler.go:373.2,374.16 2 9
backend/apps/severino/src/handlers/elearning/album_handler.go:378.2,381.16 3 9
backend/apps/severino/src/handlers/elearning/album_handler.go:394.2,395.42 2 3
backend/apps/severino/src/handlers/elearning/album_handler.go:368.38,371.3 2 0
backend/apps/severino/src/handlers/elearning/album_handler.go:374.16,377.3 2 0
backend/apps/severino/src/handlers/elearning/album_handler.go:381.16,386.42 4 6
backend/apps/severino/src/handlers/elearning/album_handler.go:390.3,391.80 2 6
backend/apps/severino/src/handlers/elearning/album_handler.go:386.42,388.4 1 3
backend/apps/severino/src/handlers/elearning/tag_handler.go:21.72,25.2 1 240
backend/apps/severino/src/handlers/elearning/tag_handler.go:27.57,32.36 4 9
backend/apps/severino/src/handlers/elearning/tag_handler.go:37.2,37.40 1 3
backend/apps/severino/src/handlers/elearning/tag_handler.go:42.2,45.16 3 3
backend/apps/severino/src/handlers/elearning/tag_handler.go:50.2,56.73 4 3
backend/apps/severino/src/handlers/elearning/tag_handler.go:32.36,35.3 2 6
backend/apps/severino/src/handlers/elearning/tag_handler.go:37.40,40.3 2 0
backend/apps/severino/src/handlers/elearning/tag_handler.go:45.16,48.3 2 0
backend/apps/severino/src/handlers/elearning/tag_handler.go:59.57,64.36 4 15
backend/apps/severino/src/handlers/elearning/tag_handler.go:69.2,69.40 1 9
backend/apps/severino/src/handlers/elearning/tag_handler.go:74.2,75.16 2 9
backend/apps/severino/src/handlers/elearning/tag_handler.go:79.2,85.16 4 6
backend/apps/severino/src/handlers/elearning/tag_handler.go:90.2,96.68 4 3
backend/apps/severino/src/handlers/elearning/tag_handler.go:64.36,67.3 2 6
backend/apps/severino/src/handlers/elearning/tag_handler.go:69.40,72.3 2 0
backend/apps/severino/src/handlers/elearning/tag_handler.go:75.16,78.3 2 3
backend/apps/severino/src/handlers/elearning/tag_handler.go:85.16,88.3 2 3
backend/apps/severino/src/handlers/elearning/tag_handler.go:99.57,104.36 4 9
backend/apps/severino/src/handlers/elearning/tag_handler.go:109.2,110.16 2 9
backend/apps/severino/src/handlers/elearning/tag_handler.go:114.2,119.16 4 9
backend/apps/severino/src/handlers/elearning/tag_handler.go:131.2,133.42 3 3
backend/apps/severino/src/handlers/elearning/tag_handler.go:104.36,107.3 2 0
backend/apps/severino/src/handlers/elearning/tag_handler.go:110.16,113.3 2 0
backend/apps/severino/src/handlers/elearning/tag_handler.go:119.16,124.42 4 6
backend/apps/severino/src/handlers/elearning/tag_handler.go:128.3,128.80 1 6
backend/apps/severino/src/handlers/elearning/tag_handler.go:124.42,126.4 1 3
backend/apps/severino/src/handlers/elearning/tag_handler.go:136.59,141.22 4 18
backend/apps/severino/src/handlers/elearning/tag_handler.go:146.2,147.25 2 15
backend/apps/severino/src/handlers/elearning/tag_handler.go:151.2,159.5 2 15
backend/apps/severino/src/handlers/elearning/tag_handler.go:141.22,144.3 2 3
backend/apps/severino/src/handlers/elearning/tag_handler.go:147.25,149.3 1 30
backend/apps/severino/src/handlers/elearning/tag_handler.go:162.54,167.21 4 9
backend/apps/severino/src/handlers/elearning/tag_handler.go:172.2,179.5 2 6
backend/apps/severino/src/handlers/elearning/tag_handler.go:167.21,170.3 2 3
backend/apps/severino/src/handlers/elearning/tag_handler.go:182.58,187.36 4 9
backend/apps/severino/src/handlers/elearning/tag_handler.go:192.2,193.16 2 9
backend/apps/severino/src/handlers/elearning/tag_handler.go:198.2,203.16 4 9
backend/apps/severino/src/handlers/elearning/tag_handler.go:216.2,218.62 3 3
backend/apps/severino/src/handlers/elearning/tag_handler.go:187.36,190.3 2 0
backend/apps/severino/src/handlers/elearning/tag_handler.go:193.16,197.3 2 0
backend/apps/severino/src/handlers/elearning/tag_handler.go:203.16,209.34 4 6
backend/apps/severino/src/handlers/elearning/tag_handler.go:213.3,213.69 1 6
backend/apps/severino/src/handlers/elearning/tag_handler.go:209.34,211.4 1 3
backend/apps/severino/src/handlers/elearning/track_handler.go:25.76,29.2 1 240
backend/apps/severino/src/handlers/elearning/track_handler.go:31.61,36.36 4 12
backend/apps/severino/src/handlers/elearning/track_handler.go:41.2,41.40 1 9
backend/apps/severino/src/handlers/elearning/track_handler.go:46.2,49.16 3 6
backend/apps/severino/src/handlers/elearning/track_handler.go:54.2,61.68 4 3
backend/apps/severino/src/handlers/elearning/track_handler.go:36.36,39.3 2 3
backend/apps/severino/src/handlers/elearning/track_handler.go:41.40,44.3 2 3
backend/apps/severino/src/handlers/elearning/track_handler.go:49.16,52.3 2 3
backend/apps/severino/src/handlers/elearning/track_handler.go:64.61,69.38 4 15
backend/apps/severino/src/handlers/elearning/track_handler.go:74.2,75.27 2 12
backend/apps/severino/src/handlers/elearning/track_handler.go:80.2,82.42 2 9
backend/apps/severino/src/handlers/elearning/track_handler.go:87.2,90.16 3 6
backend/apps/severino/src/handlers/elearning/track_handler.go:95.2,102.61 4 3
backend/apps/severino/src/handlers/elearning/track_handler.go:69.38,72.3 2 3
backend/apps/severino/src/handlers/elearning/track_handler.go:75.27,79.3 2 3
backend/apps/severino/src/handlers/elearning/track_handler.go:82.42,85.3 2 3
backend/apps/severino/src/handlers/elearning/track_handler.go:90.16,93.3 2 3
backend/apps/severino/src/handlers/elearning/track_handler.go:105.62,112.27 5 9
backend/apps/severino/src/handlers/elearning/track_handler.go:116.2,121.16 4 9
backend/apps/severino/src/handlers/elearning/track_handler.go:134.2,146.61 5 3
backend/apps/severino/src/handlers/elearning/track_handler.go:112.27,115.3 2 0
backend/apps/severino/src/handlers/elearning/track_handler.go:121.16,127.34 4 6
backend/apps/severino/src/handlers/elearning/track_handler.go:131.3,131.75 1 6
backend/apps/severino/src/handlers/elearning/track_handler.go:127.34,129.4 1 3
backend/apps/severino/src/handlers/elearning/track_handler.go:149.62,164.38 6 18
backend/apps/severino/src/handlers/elearning/track_handler.go:173.2,174.22 2 15
backend/apps/severino/src/handlers/elearning/track_handler.go:180.2,181.31 2 12
backend/apps/severino/src/handlers/elearning/track_handler.go:192.2,198.5 1 12
backend/apps/severino/src/handlers/elearning/track_handler.go:164.38,168.17 3 6
backend/apps/severino/src/handlers/elearning/track_handler.go:168.17,170.4 1 3
backend/apps/severino/src/handlers/elearning/track_handler.go:174.22,178.3 2 3
backend/apps/severino/src/handlers/elearning/track_handler.go:181.31,190.3 2 42
backend/apps/severino/src/handlers/elearning/track_handler.go:201.61,208.27 5 9
backend/apps/severino/src/handlers/elearning/track_handler.go:212.2,217.16 4 9
backend/apps/severino/src/handlers/elearning/track_handler.go:232.2,234.42 2 3
backend/apps/severino/src/handlers/elearning/track_handler.go:208.27,211.3 2 0
backend/apps/severino/src/handlers/elearning/track_handler.go:217.16,224.34 5 6
backend/apps/severino/src/handlers/elearning/track_handler.go:229.3,229.70 1 6
backend/apps/severino/src/handlers/elearning/track_handler.go:224.34,227.4 2 3
