mode: atomic
backend/apps/accounts/src/repositories/subscription_repository.go:18.66,20.2 1 38
backend/apps/accounts/src/repositories/subscription_repository.go:22.83,29.16 5 16
backend/apps/accounts/src/repositories/subscription_repository.go:37.2,38.21 2 6
backend/apps/accounts/src/repositories/subscription_repository.go:42.2,42.43 1 6
backend/apps/accounts/src/repositories/subscription_repository.go:48.2,49.16 2 6
backend/apps/accounts/src/repositories/subscription_repository.go:59.2,59.41 1 4
backend/apps/accounts/src/repositories/subscription_repository.go:64.2,66.19 2 4
backend/apps/accounts/src/repositories/subscription_repository.go:29.16,30.61 1 10
backend/apps/accounts/src/repositories/subscription_repository.go:34.3,34.20 1 6
backend/apps/accounts/src/repositories/subscription_repository.go:30.61,32.4 1 4
backend/apps/accounts/src/repositories/subscription_repository.go:38.21,40.3 1 0
backend/apps/accounts/src/repositories/subscription_repository.go:42.43,46.3 2 0
backend/apps/accounts/src/repositories/subscription_repository.go:49.16,51.44 2 2
backend/apps/accounts/src/repositories/subscription_repository.go:56.3,56.82 1 2
backend/apps/accounts/src/repositories/subscription_repository.go:51.44,54.4 2 0
backend/apps/accounts/src/repositories/subscription_repository.go:59.41,62.3 2 0
backend/apps/accounts/src/repositories/subscription_repository.go:69.84,78.16 6 16
backend/apps/accounts/src/repositories/subscription_repository.go:82.2,83.54 2 14
backend/apps/accounts/src/repositories/subscription_repository.go:88.2,90.27 2 4
backend/apps/accounts/src/repositories/subscription_repository.go:78.16,80.3 1 2
backend/apps/accounts/src/repositories/subscription_repository.go:83.54,86.3 2 10
backend/apps/accounts/src/repositories/subscription_repository.go:93.84,96.2 1 0
backend/apps/accounts/src/repositories/subscription_repository.go:98.83,101.2 1 0
backend/apps/accounts/src/repositories/subscription_repository.go:103.83,114.16 8 6
backend/apps/accounts/src/repositories/subscription_repository.go:119.2,123.8 2 4
backend/apps/accounts/src/repositories/subscription_repository.go:114.16,117.3 2 2
backend/apps/accounts/src/repositories/subscription_repository.go:126.105,129.16 3 6
backend/apps/accounts/src/repositories/subscription_repository.go:134.2,135.44 2 4
backend/apps/accounts/src/repositories/subscription_repository.go:139.2,142.26 3 4
backend/apps/accounts/src/repositories/subscription_repository.go:129.16,132.3 2 2
backend/apps/accounts/src/repositories/subscription_repository.go:135.44,137.3 1 0
backend/apps/accounts/src/repositories/subscription_repository.go:145.107,148.16 3 16
backend/apps/accounts/src/repositories/subscription_repository.go:153.2,154.54 2 14
backend/apps/accounts/src/repositories/subscription_repository.go:159.2,159.32 1 10
backend/apps/accounts/src/repositories/subscription_repository.go:164.2,174.29 2 10
backend/apps/accounts/src/repositories/subscription_repository.go:148.16,151.3 2 2
backend/apps/accounts/src/repositories/subscription_repository.go:154.54,157.3 2 4
backend/apps/accounts/src/repositories/subscription_repository.go:159.32,162.3 2 4
backend/apps/accounts/src/repositories/user_repository.go:16.58,18.2 1 14
backend/apps/accounts/src/repositories/user_repository.go:20.75,26.16 5 6
backend/apps/accounts/src/repositories/user_repository.go:31.2,32.44 2 6
backend/apps/accounts/src/repositories/user_repository.go:37.2,42.19 3 2
backend/apps/accounts/src/repositories/user_repository.go:26.16,29.3 2 0
backend/apps/accounts/src/repositories/user_repository.go:32.44,35.3 2 4
backend/apps/accounts/src/repositories/user_repository.go:45.76,56.16 6 8
backend/apps/accounts/src/repositories/user_repository.go:60.2,63.18 3 6
backend/apps/accounts/src/repositories/user_repository.go:73.2,75.19 2 6
backend/apps/accounts/src/repositories/user_repository.go:56.16,59.3 2 2
backend/apps/accounts/src/repositories/user_repository.go:63.18,65.47 2 8
backend/apps/accounts/src/repositories/user_repository.go:70.3,70.30 1 8
backend/apps/accounts/src/repositories/user_repository.go:65.47,68.4 2 0
backend/apps/accounts/src/repositories/user_repository.go:78.76,81.2 1 0
backend/apps/accounts/src/repositories/user_repository.go:83.75,86.2 1 0
backend/apps/accounts/src/repositories/user_repository.go:88.75,91.2 1 0
