mode: set
backend/apps/severino/src/structs/search.go:30.42,37.34 3 1
backend/apps/severino/src/structs/search.go:40.2,40.66 1 1
backend/apps/severino/src/structs/search.go:44.2,45.14 2 1
backend/apps/severino/src/structs/search.go:49.2,51.39 3 1
backend/apps/severino/src/structs/search.go:54.2,54.10 1 1
backend/apps/severino/src/structs/search.go:37.34,39.3 1 1
backend/apps/severino/src/structs/search.go:40.66,42.3 1 1
backend/apps/severino/src/structs/search.go:45.14,47.3 1 0
backend/apps/severino/src/structs/search.go:51.39,53.3 1 1
backend/apps/severino/src/structs/search.go:57.36,59.2 1 0
backend/apps/severino/src/structs/search.go:61.72,63.13 2 1
backend/apps/severino/src/structs/search.go:66.2,66.10 1 1
backend/apps/severino/src/structs/search.go:63.13,65.3 1 1
backend/apps/severino/src/structs/search.go:69.73,71.13 2 1
backend/apps/severino/src/structs/search.go:74.2,75.16 2 0
backend/apps/severino/src/structs/search.go:78.2,78.10 1 0
backend/apps/severino/src/structs/search.go:71.13,73.3 1 1
backend/apps/severino/src/structs/search.go:75.16,77.3 1 0
backend/apps/severino/src/libs/authentication/authentication.go:16.56,17.23 1 1
backend/apps/severino/src/libs/authentication/authentication.go:22.2,27.77 4 1
backend/apps/severino/src/libs/authentication/authentication.go:32.2,41.16 4 1
backend/apps/severino/src/libs/authentication/authentication.go:45.2,45.28 1 1
backend/apps/severino/src/libs/authentication/authentication.go:17.23,19.3 1 1
backend/apps/severino/src/libs/authentication/authentication.go:27.77,29.3 1 0
backend/apps/severino/src/libs/authentication/authentication.go:41.16,43.3 1 0
backend/apps/severino/src/libs/authentication/authentication.go:48.69,51.120 2 1
backend/apps/severino/src/libs/authentication/authentication.go:55.2,55.16 1 1
backend/apps/severino/src/libs/authentication/authentication.go:59.2,59.48 1 1
backend/apps/severino/src/libs/authentication/authentication.go:51.120,53.3 1 1
backend/apps/severino/src/libs/authentication/authentication.go:55.16,57.3 1 1
backend/apps/severino/src/libs/authentication/authentication.go:62.57,71.2 8 1
backend/apps/severino/src/rpc/rpc.client.go:22.45,27.2 1 0
backend/apps/severino/src/rpc/rpc.client.go:29.50,42.16 4 0
backend/apps/severino/src/rpc/rpc.client.go:47.2,48.13 2 0
backend/apps/severino/src/rpc/rpc.client.go:42.16,44.3 1 0
backend/apps/severino/src/rpc/rpc.client.go:44.8,46.3 1 0
backend/apps/severino/src/rpc/rpc.client.go:51.36,52.28 1 0
backend/apps/severino/src/rpc/rpc.client.go:52.28,55.3 2 0
backend/apps/severino/src/rpc/subject.client.go:18.95,20.2 1 1
backend/apps/severino/src/rpc/subject.client.go:24.78,27.16 3 1
backend/apps/severino/src/rpc/subject.client.go:31.2,32.19 2 1
backend/apps/severino/src/rpc/subject.client.go:27.16,30.3 2 1
backend/apps/severino/src/rpc/subject.client.go:35.87,40.16 5 1
backend/apps/severino/src/rpc/subject.client.go:45.2,48.20 4 1
backend/apps/severino/src/rpc/subject.client.go:40.16,43.3 2 1
backend/apps/severino/src/rpc/subject.client.go:51.79,54.16 3 1
backend/apps/severino/src/rpc/subject.client.go:58.2,59.19 2 1
backend/apps/severino/src/rpc/subject.client.go:54.16,57.3 2 1
backend/apps/severino/src/rpc/subject.client.go:62.78,65.16 3 1
backend/apps/severino/src/rpc/subject.client.go:69.2,70.19 2 1
backend/apps/severino/src/rpc/subject.client.go:65.16,68.3 2 1
backend/apps/severino/src/rpc/subject.client.go:73.78,76.16 3 1
backend/apps/severino/src/rpc/subject.client.go:80.2,81.19 2 1
backend/apps/severino/src/rpc/subject.client.go:76.16,79.3 2 1
backend/apps/severino/src/rpc/subject.client.go:84.83,87.2 2 1
backend/apps/severino/src/rpc/subject.client.go:89.82,94.2 4 1
backend/apps/severino/src/rpc/track.client.go:19.91,22.2 1 1
backend/apps/severino/src/rpc/track.client.go:24.76,27.16 3 1
backend/apps/severino/src/rpc/track.client.go:31.2,32.19 2 1
backend/apps/severino/src/rpc/track.client.go:27.16,30.3 2 1
backend/apps/severino/src/rpc/track.client.go:35.76,38.16 3 1
backend/apps/severino/src/rpc/track.client.go:42.2,43.19 2 1
backend/apps/severino/src/rpc/track.client.go:38.16,41.3 2 1
backend/apps/severino/src/rpc/track.client.go:46.76,49.16 3 1
backend/apps/severino/src/rpc/track.client.go:53.2,54.19 2 1
backend/apps/severino/src/rpc/track.client.go:49.16,52.3 2 1
backend/apps/severino/src/rpc/track.client.go:57.77,60.16 3 1
backend/apps/severino/src/rpc/track.client.go:64.2,65.19 2 1
backend/apps/severino/src/rpc/track.client.go:60.16,63.3 2 1
backend/apps/severino/src/rpc/track.client.go:68.85,73.16 5 1
backend/apps/severino/src/rpc/track.client.go:78.2,81.20 4 1
backend/apps/severino/src/rpc/track.client.go:73.16,76.3 2 1
backend/apps/severino/src/rpc/track.client.go:84.79,87.2 2 1
backend/apps/severino/src/rpc/track.client.go:89.76,94.2 4 1
backend/apps/severino/src/rpc/user.client.go:21.82,26.2 1 0
backend/apps/severino/src/rpc/user.client.go:28.75,35.16 5 0
backend/apps/severino/src/rpc/user.client.go:40.2,42.22 3 0
backend/apps/severino/src/rpc/user.client.go:35.16,38.3 2 0
backend/apps/severino/src/rpc/user.client.go:45.78,47.2 1 0
backend/apps/severino/src/rpc/user.client.go:49.76,51.2 1 0
backend/apps/severino/src/rpc/user.client.go:53.84,58.16 5 0
backend/apps/severino/src/rpc/user.client.go:63.2,68.20 5 0
backend/apps/severino/src/rpc/user.client.go:58.16,61.3 2 0
backend/apps/severino/src/rpc/user.client.go:71.76,73.2 1 0
backend/apps/severino/src/rpc/home_client.go:20.89,22.2 1 0
backend/apps/severino/src/rpc/home_client.go:24.75,26.2 1 0
backend/apps/severino/src/rpc/home_client.go:28.75,30.2 1 0
backend/apps/severino/src/rpc/home_client.go:32.76,34.2 1 0
backend/apps/severino/src/rpc/home_client.go:36.84,41.16 5 0
backend/apps/severino/src/rpc/home_client.go:46.2,49.20 4 0
backend/apps/severino/src/rpc/home_client.go:41.16,44.3 2 0
backend/apps/severino/src/rpc/home_client.go:52.75,54.2 1 0
backend/apps/severino/src/rpc/preference.client.go:21.101,23.2 1 1
backend/apps/severino/src/rpc/preference.client.go:25.81,27.2 1 0
backend/apps/severino/src/rpc/preference.client.go:29.81,33.16 4 1
backend/apps/severino/src/rpc/preference.client.go:37.2,37.24 1 1
backend/apps/severino/src/rpc/preference.client.go:33.16,36.3 2 1
backend/apps/severino/src/rpc/preference.client.go:40.82,42.2 1 0
backend/apps/severino/src/rpc/preference.client.go:44.90,46.2 1 0
backend/apps/severino/src/rpc/preference.client.go:48.81,50.2 1 0
backend/apps/severino/src/rpc/product.client.go:19.95,21.2 1 1
backend/apps/severino/src/rpc/product.client.go:23.78,29.16 6 1
backend/apps/severino/src/rpc/product.client.go:33.2,36.19 4 1
backend/apps/severino/src/rpc/product.client.go:29.16,32.3 2 1
backend/apps/severino/src/rpc/product.client.go:39.78,45.16 6 1
backend/apps/severino/src/rpc/product.client.go:49.2,52.19 4 1
backend/apps/severino/src/rpc/product.client.go:45.16,48.3 2 1
backend/apps/severino/src/rpc/product.client.go:55.78,57.2 1 1
backend/apps/severino/src/rpc/product.client.go:59.79,65.16 6 1
backend/apps/severino/src/rpc/product.client.go:69.2,72.19 4 1
backend/apps/severino/src/rpc/product.client.go:65.16,68.3 2 1
backend/apps/severino/src/rpc/product.client.go:75.87,80.16 5 1
backend/apps/severino/src/rpc/product.client.go:85.2,89.20 5 1
backend/apps/severino/src/rpc/product.client.go:80.16,83.3 2 1
backend/apps/severino/src/rpc/product.client.go:92.87,96.2 1 1
backend/apps/severino/src/rpc/shelf.client.go:19.91,21.2 1 1
backend/apps/severino/src/rpc/shelf.client.go:23.76,26.16 3 1
backend/apps/severino/src/rpc/shelf.client.go:30.2,31.19 2 1
backend/apps/severino/src/rpc/shelf.client.go:26.16,29.3 2 1
backend/apps/severino/src/rpc/shelf.client.go:34.76,37.16 3 1
backend/apps/severino/src/rpc/shelf.client.go:41.2,42.19 2 1
backend/apps/severino/src/rpc/shelf.client.go:37.16,40.3 2 1
backend/apps/severino/src/rpc/shelf.client.go:45.76,48.16 3 1
backend/apps/severino/src/rpc/shelf.client.go:52.2,53.19 2 1
backend/apps/severino/src/rpc/shelf.client.go:48.16,51.3 2 1
backend/apps/severino/src/rpc/shelf.client.go:56.77,59.16 3 1
backend/apps/severino/src/rpc/shelf.client.go:63.2,64.19 2 1
backend/apps/severino/src/rpc/shelf.client.go:59.16,62.3 2 1
backend/apps/severino/src/rpc/shelf.client.go:67.85,72.16 5 1
backend/apps/severino/src/rpc/shelf.client.go:77.2,80.20 4 1
backend/apps/severino/src/rpc/shelf.client.go:72.16,75.3 2 1
backend/apps/severino/src/rpc/shelf.client.go:83.79,86.2 2 1
backend/apps/severino/src/rpc/shelf.client.go:88.76,93.2 4 1
backend/apps/severino/src/rpc/account.client.go:19.95,21.2 1 1
backend/apps/severino/src/rpc/account.client.go:23.78,28.16 4 1
backend/apps/severino/src/rpc/account.client.go:33.2,33.36 1 1
backend/apps/severino/src/rpc/account.client.go:28.16,31.3 2 1
backend/apps/severino/src/rpc/account.client.go:36.79,39.16 3 1
backend/apps/severino/src/rpc/account.client.go:44.2,44.34 1 1
backend/apps/severino/src/rpc/account.client.go:39.16,42.3 2 1
backend/apps/severino/src/rpc/account.client.go:47.79,49.2 1 0
backend/apps/severino/src/rpc/account.client.go:51.87,53.2 1 0
backend/apps/severino/src/rpc/account.client.go:55.79,57.2 1 0
backend/apps/severino/src/rpc/account.client.go:59.83,62.2 2 1
backend/apps/severino/src/rpc/account.client.go:64.82,69.2 4 1
backend/apps/severino/src/rpc/album.client.go:19.96,21.2 1 1
backend/apps/severino/src/rpc/album.client.go:23.75,26.16 3 1
backend/apps/severino/src/rpc/album.client.go:30.2,31.19 2 1
backend/apps/severino/src/rpc/album.client.go:26.16,29.3 2 1
backend/apps/severino/src/rpc/album.client.go:34.75,37.16 3 1
backend/apps/severino/src/rpc/album.client.go:41.2,42.19 2 1
backend/apps/severino/src/rpc/album.client.go:37.16,40.3 2 1
backend/apps/severino/src/rpc/album.client.go:45.75,48.16 3 1
backend/apps/severino/src/rpc/album.client.go:52.2,53.19 2 1
backend/apps/severino/src/rpc/album.client.go:48.16,51.3 2 1
backend/apps/severino/src/rpc/album.client.go:56.76,59.16 3 1
backend/apps/severino/src/rpc/album.client.go:63.2,64.19 2 1
backend/apps/severino/src/rpc/album.client.go:59.16,62.3 2 1
backend/apps/severino/src/rpc/album.client.go:67.84,72.16 5 1
backend/apps/severino/src/rpc/album.client.go:77.2,80.20 4 1
backend/apps/severino/src/rpc/album.client.go:72.16,75.3 2 1
backend/apps/severino/src/rpc/album.client.go:83.81,86.16 3 0
backend/apps/severino/src/rpc/album.client.go:89.2,90.19 2 0
backend/apps/severino/src/rpc/album.client.go:86.16,88.3 1 0
backend/apps/severino/src/rpc/album.client.go:93.83,96.16 3 0
backend/apps/severino/src/rpc/album.client.go:99.2,100.19 2 0
backend/apps/severino/src/rpc/album.client.go:96.16,98.3 1 0
backend/apps/severino/src/rpc/album.client.go:102.78,105.2 2 1
backend/apps/severino/src/rpc/album.client.go:107.75,112.2 4 1
backend/apps/severino/src/rpc/container.go:36.76,46.2 2 0
backend/apps/severino/src/rpc/container.go:48.74,54.2 2 0
backend/apps/severino/src/rpc/container.go:56.76,62.2 2 0
backend/apps/severino/src/handlers/shelf.handler.go:18.73,22.2 1 1
backend/apps/severino/src/handlers/shelf.handler.go:24.56,26.50 2 1
backend/apps/severino/src/handlers/shelf.handler.go:29.2,30.16 2 1
backend/apps/severino/src/handlers/shelf.handler.go:33.2,33.66 1 1
backend/apps/severino/src/handlers/shelf.handler.go:26.50,28.3 1 1
backend/apps/severino/src/handlers/shelf.handler.go:30.16,32.3 1 1
backend/apps/severino/src/handlers/shelf.handler.go:36.56,38.50 2 1
backend/apps/severino/src/handlers/shelf.handler.go:41.2,42.13 2 1
backend/apps/severino/src/handlers/shelf.handler.go:45.2,47.16 3 1
backend/apps/severino/src/handlers/shelf.handler.go:50.2,50.61 1 1
backend/apps/severino/src/handlers/shelf.handler.go:38.50,40.3 1 0
backend/apps/severino/src/handlers/shelf.handler.go:42.13,44.3 1 1
backend/apps/severino/src/handlers/shelf.handler.go:47.16,49.3 1 0
backend/apps/severino/src/handlers/shelf.handler.go:53.57,55.13 2 1
backend/apps/severino/src/handlers/shelf.handler.go:58.2,60.16 3 1
backend/apps/severino/src/handlers/shelf.handler.go:63.2,63.62 1 1
backend/apps/severino/src/handlers/shelf.handler.go:55.13,57.3 1 0
backend/apps/severino/src/handlers/shelf.handler.go:60.16,62.3 1 1
backend/apps/severino/src/handlers/shelf.handler.go:66.85,71.16 5 0
backend/apps/severino/src/handlers/shelf.handler.go:75.2,76.51 2 0
backend/apps/severino/src/handlers/shelf.handler.go:81.2,83.36 3 0
backend/apps/severino/src/handlers/shelf.handler.go:71.16,74.3 2 0
backend/apps/severino/src/handlers/shelf.handler.go:76.51,77.24 1 0
backend/apps/severino/src/handlers/shelf.handler.go:77.24,79.4 1 0
backend/apps/severino/src/handlers/shelf.handler.go:86.57,90.16 4 1
backend/apps/severino/src/handlers/shelf.handler.go:94.2,96.36 3 1
backend/apps/severino/src/handlers/shelf.handler.go:90.16,93.3 2 1
backend/apps/severino/src/handlers/shelf.handler.go:99.56,101.13 2 1
backend/apps/severino/src/handlers/shelf.handler.go:104.2,106.16 3 1
backend/apps/severino/src/handlers/shelf.handler.go:109.2,109.42 1 1
backend/apps/severino/src/handlers/shelf.handler.go:101.13,103.3 1 0
backend/apps/severino/src/handlers/shelf.handler.go:106.16,108.3 1 0
backend/apps/severino/src/handlers/user.handler.go:22.71,26.2 1 1
backend/apps/severino/src/handlers/user.handler.go:28.59,30.49 2 1
backend/apps/severino/src/handlers/user.handler.go:34.2,35.16 2 1
backend/apps/severino/src/handlers/user.handler.go:48.2,50.16 3 1
backend/apps/severino/src/handlers/user.handler.go:54.2,60.73 3 1
backend/apps/severino/src/handlers/user.handler.go:30.49,32.3 1 1
backend/apps/severino/src/handlers/user.handler.go:35.16,41.34 4 1
backend/apps/severino/src/handlers/user.handler.go:45.3,45.66 1 1
backend/apps/severino/src/handlers/user.handler.go:41.34,43.4 1 1
backend/apps/severino/src/handlers/user.handler.go:50.16,52.3 1 0
backend/apps/severino/src/handlers/user.handler.go:63.61,68.16 5 1
backend/apps/severino/src/handlers/user.handler.go:73.2,75.36 3 1
backend/apps/severino/src/handlers/user.handler.go:68.16,72.3 3 1
backend/apps/severino/src/handlers/account.handler.go:20.77,24.2 1 1
backend/apps/severino/src/handlers/account.handler.go:26.65,28.52 2 1
backend/apps/severino/src/handlers/account.handler.go:32.2,32.48 1 1
backend/apps/severino/src/handlers/account.handler.go:37.2,37.54 1 1
backend/apps/severino/src/handlers/account.handler.go:41.2,42.16 2 1
backend/apps/severino/src/handlers/account.handler.go:46.2,46.68 1 1
backend/apps/severino/src/handlers/account.handler.go:28.52,30.3 1 1
backend/apps/severino/src/handlers/account.handler.go:32.48,35.3 2 1
backend/apps/severino/src/handlers/account.handler.go:37.54,39.3 1 0
backend/apps/severino/src/handlers/account.handler.go:42.16,44.3 1 1
backend/apps/severino/src/handlers/account.handler.go:49.67,51.52 2 1
backend/apps/severino/src/handlers/account.handler.go:55.2,55.48 1 1
backend/apps/severino/src/handlers/account.handler.go:60.2,61.16 2 1
backend/apps/severino/src/handlers/account.handler.go:65.2,65.68 1 1
backend/apps/severino/src/handlers/account.handler.go:51.52,53.3 1 1
backend/apps/severino/src/handlers/account.handler.go:55.48,58.3 2 1
backend/apps/severino/src/handlers/account.handler.go:61.16,63.3 1 1
backend/apps/severino/src/handlers/account.handler.go:68.60,70.16 2 1
backend/apps/severino/src/handlers/account.handler.go:74.2,77.16 4 1
backend/apps/severino/src/handlers/account.handler.go:81.2,86.60 2 1
backend/apps/severino/src/handlers/account.handler.go:70.16,72.3 1 1
backend/apps/severino/src/handlers/account.handler.go:77.16,79.3 1 0
backend/apps/severino/src/handlers/account.handler.go:89.60,91.16 2 1
backend/apps/severino/src/handlers/account.handler.go:95.2,98.16 4 1
backend/apps/severino/src/handlers/account.handler.go:102.2,109.60 4 1
backend/apps/severino/src/handlers/account.handler.go:91.16,93.3 1 1
backend/apps/severino/src/handlers/account.handler.go:98.16,100.3 1 0
backend/apps/severino/src/handlers/account.handler.go:112.72,114.53 2 1
backend/apps/severino/src/handlers/account.handler.go:118.2,120.29 3 1
backend/apps/severino/src/handlers/account.handler.go:124.2,124.48 1 1
backend/apps/severino/src/handlers/account.handler.go:128.2,131.16 3 1
backend/apps/severino/src/handlers/account.handler.go:136.2,136.19 1 1
backend/apps/severino/src/handlers/account.handler.go:114.53,116.3 1 1
backend/apps/severino/src/handlers/account.handler.go:120.29,122.3 1 1
backend/apps/severino/src/handlers/account.handler.go:124.48,126.3 1 1
backend/apps/severino/src/handlers/account.handler.go:131.16,134.3 2 1
backend/apps/severino/src/handlers/auth.handler.go:29.71,34.2 1 1
backend/apps/severino/src/handlers/auth.handler.go:36.55,42.2 5 0
backend/apps/severino/src/handlers/auth.handler.go:44.79,45.36 1 0
backend/apps/severino/src/handlers/auth.handler.go:45.36,48.27 3 0
backend/apps/severino/src/handlers/auth.handler.go:52.3,57.42 4 0
backend/apps/severino/src/handlers/auth.handler.go:61.3,61.17 1 0
backend/apps/severino/src/handlers/auth.handler.go:48.27,50.4 1 0
backend/apps/severino/src/handlers/auth.handler.go:57.42,59.4 1 0
backend/apps/severino/src/handlers/auth.handler.go:65.63,67.2 1 0
backend/apps/severino/src/handlers/auth.handler.go:69.69,71.2 1 0
backend/apps/severino/src/handlers/auth.handler.go:73.68,75.16 2 0
backend/apps/severino/src/handlers/auth.handler.go:79.2,79.21 1 0
backend/apps/severino/src/handlers/auth.handler.go:75.16,78.3 2 0
backend/apps/severino/src/handlers/helpers.go:15.62,17.37 2 1
backend/apps/severino/src/handlers/helpers.go:22.2,22.41 1 1
backend/apps/severino/src/handlers/helpers.go:29.2,29.12 1 1
backend/apps/severino/src/handlers/helpers.go:17.37,21.3 3 1
backend/apps/severino/src/handlers/helpers.go:22.41,27.3 4 1
backend/apps/severino/src/handlers/helpers.go:32.49,34.26 2 1
backend/apps/severino/src/handlers/helpers.go:39.2,39.24 1 1
backend/apps/severino/src/handlers/helpers.go:34.26,38.3 3 1
backend/apps/severino/src/handlers/helpers.go:42.51,44.18 2 0
backend/apps/severino/src/handlers/helpers.go:49.2,49.16 1 0
backend/apps/severino/src/handlers/helpers.go:44.18,48.3 3 0
backend/apps/severino/src/handlers/helpers.go:52.55,53.31 1 1
backend/apps/severino/src/handlers/helpers.go:58.2,58.12 1 1
backend/apps/severino/src/handlers/helpers.go:53.31,57.3 3 1
backend/apps/severino/src/handlers/home_handler.go:18.71,22.2 1 1
backend/apps/severino/src/handlers/home_handler.go:24.55,26.2 1 0
backend/apps/severino/src/handlers/home_handler.go:28.55,30.2 1 0
backend/apps/severino/src/handlers/home_handler.go:32.56,34.2 1 0
backend/apps/severino/src/handlers/home_handler.go:36.56,40.16 4 0
backend/apps/severino/src/handlers/home_handler.go:44.2,46.36 3 0
backend/apps/severino/src/handlers/home_handler.go:40.16,43.3 2 0
backend/apps/severino/src/handlers/home_handler.go:49.55,51.2 1 0
backend/apps/severino/src/handlers/preference.handler.go:18.83,20.2 1 1
backend/apps/severino/src/handlers/preference.handler.go:22.61,24.50 2 1
backend/apps/severino/src/handlers/preference.handler.go:28.2,30.16 3 1
backend/apps/severino/src/handlers/preference.handler.go:33.2,33.61 1 1
backend/apps/severino/src/handlers/preference.handler.go:24.50,26.3 1 1
backend/apps/severino/src/handlers/preference.handler.go:30.16,32.3 1 0
backend/apps/severino/src/handlers/product.handler.go:18.77,22.2 1 1
backend/apps/severino/src/handlers/product.handler.go:24.58,26.50 2 0
backend/apps/severino/src/handlers/product.handler.go:29.2,30.16 2 0
backend/apps/severino/src/handlers/product.handler.go:33.2,34.95 2 0
backend/apps/severino/src/handlers/product.handler.go:26.50,28.3 1 0
backend/apps/severino/src/handlers/product.handler.go:30.16,32.3 1 0
backend/apps/severino/src/handlers/product.handler.go:37.58,39.50 2 0
backend/apps/severino/src/handlers/product.handler.go:42.2,43.14 2 0
backend/apps/severino/src/handlers/product.handler.go:46.2,48.16 3 0
backend/apps/severino/src/handlers/product.handler.go:51.2,52.90 2 0
backend/apps/severino/src/handlers/product.handler.go:39.50,41.3 1 0
backend/apps/severino/src/handlers/product.handler.go:43.14,45.3 1 0
backend/apps/severino/src/handlers/product.handler.go:48.16,50.3 1 0
backend/apps/severino/src/handlers/product.handler.go:55.59,57.14 2 0
backend/apps/severino/src/handlers/product.handler.go:60.2,62.16 3 0
backend/apps/severino/src/handlers/product.handler.go:65.2,65.62 1 0
backend/apps/severino/src/handlers/product.handler.go:57.14,59.3 1 0
backend/apps/severino/src/handlers/product.handler.go:62.16,64.3 1 0
backend/apps/severino/src/handlers/product.handler.go:68.59,71.16 3 0
backend/apps/severino/src/handlers/product.handler.go:74.2,77.36 4 0
backend/apps/severino/src/handlers/product.handler.go:71.16,73.3 1 0
backend/apps/severino/src/handlers/album.handler.go:19.73,23.2 1 1
backend/apps/severino/src/handlers/album.handler.go:25.56,27.50 2 1
backend/apps/severino/src/handlers/album.handler.go:30.2,31.16 2 1
backend/apps/severino/src/handlers/album.handler.go:34.2,34.66 1 1
backend/apps/severino/src/handlers/album.handler.go:27.50,29.3 1 1
backend/apps/severino/src/handlers/album.handler.go:31.16,33.3 1 1
backend/apps/severino/src/handlers/album.handler.go:37.56,39.50 2 1
backend/apps/severino/src/handlers/album.handler.go:42.2,43.13 2 1
backend/apps/severino/src/handlers/album.handler.go:46.2,49.16 4 1
backend/apps/severino/src/handlers/album.handler.go:52.2,52.61 1 1
backend/apps/severino/src/handlers/album.handler.go:39.50,41.3 1 0
backend/apps/severino/src/handlers/album.handler.go:43.13,45.3 1 1
backend/apps/severino/src/handlers/album.handler.go:49.16,51.3 1 0
backend/apps/severino/src/handlers/album.handler.go:55.70,60.2 4 0
backend/apps/severino/src/handlers/album.handler.go:62.57,65.2 2 1
backend/apps/severino/src/handlers/album.handler.go:67.80,70.16 3 1
backend/apps/severino/src/handlers/album.handler.go:74.2,77.36 4 1
backend/apps/severino/src/handlers/album.handler.go:70.16,73.3 2 1
backend/apps/severino/src/handlers/album.handler.go:80.57,82.13 2 0
backend/apps/severino/src/handlers/album.handler.go:85.2,87.16 3 0
backend/apps/severino/src/handlers/album.handler.go:90.2,90.60 1 0
backend/apps/severino/src/handlers/album.handler.go:82.13,84.3 1 0
backend/apps/severino/src/handlers/album.handler.go:87.16,89.3 1 0
backend/apps/severino/src/handlers/album.handler.go:93.56,95.13 2 1
backend/apps/severino/src/handlers/album.handler.go:98.2,100.16 3 1
backend/apps/severino/src/handlers/album.handler.go:103.2,103.42 1 1
backend/apps/severino/src/handlers/album.handler.go:95.13,97.3 1 0
backend/apps/severino/src/handlers/album.handler.go:100.16,102.3 1 0
backend/apps/severino/src/handlers/album.handler.go:106.57,108.26 2 1
backend/apps/severino/src/handlers/album.handler.go:111.2,112.16 2 1
backend/apps/severino/src/handlers/album.handler.go:115.2,115.42 1 1
backend/apps/severino/src/handlers/album.handler.go:108.26,110.3 1 1
backend/apps/severino/src/handlers/album.handler.go:112.16,114.3 1 1
backend/apps/severino/src/handlers/album.handler.go:118.59,120.26 2 1
backend/apps/severino/src/handlers/album.handler.go:123.2,124.16 2 1
backend/apps/severino/src/handlers/album.handler.go:127.2,127.42 1 1
backend/apps/severino/src/handlers/album.handler.go:120.26,122.3 1 1
backend/apps/severino/src/handlers/album.handler.go:124.16,126.3 1 1
backend/apps/severino/src/handlers/subject.handler.go:18.77,22.2 1 1
backend/apps/severino/src/handlers/subject.handler.go:24.58,26.50 2 1
backend/apps/severino/src/handlers/subject.handler.go:29.2,30.16 2 1
backend/apps/severino/src/handlers/subject.handler.go:33.2,33.66 1 1
backend/apps/severino/src/handlers/subject.handler.go:26.50,28.3 1 1
backend/apps/severino/src/handlers/subject.handler.go:30.16,32.3 1 1
backend/apps/severino/src/handlers/subject.handler.go:36.58,39.49 3 1
backend/apps/severino/src/handlers/subject.handler.go:43.2,44.16 2 1
backend/apps/severino/src/handlers/subject.handler.go:48.2,49.16 2 1
backend/apps/severino/src/handlers/subject.handler.go:52.2,52.61 1 1
backend/apps/severino/src/handlers/subject.handler.go:39.49,41.3 1 1
backend/apps/severino/src/handlers/subject.handler.go:44.16,46.3 1 1
backend/apps/severino/src/handlers/subject.handler.go:49.16,51.3 1 1
backend/apps/severino/src/handlers/subject.handler.go:55.59,57.16 2 1
backend/apps/severino/src/handlers/subject.handler.go:60.2,62.16 3 1
backend/apps/severino/src/handlers/subject.handler.go:65.2,65.62 1 1
backend/apps/severino/src/handlers/subject.handler.go:57.16,59.3 1 1
backend/apps/severino/src/handlers/subject.handler.go:62.16,64.3 1 1
backend/apps/severino/src/handlers/subject.handler.go:68.59,72.16 4 1
backend/apps/severino/src/handlers/subject.handler.go:76.2,78.36 3 1
backend/apps/severino/src/handlers/subject.handler.go:72.16,75.3 2 1
backend/apps/severino/src/handlers/subject.handler.go:81.58,83.16 2 1
backend/apps/severino/src/handlers/subject.handler.go:86.2,88.16 3 1
backend/apps/severino/src/handlers/subject.handler.go:91.2,91.42 1 1
backend/apps/severino/src/handlers/subject.handler.go:83.16,85.3 1 1
backend/apps/severino/src/handlers/subject.handler.go:88.16,90.3 1 1
backend/apps/severino/src/handlers/track.handler.go:18.73,22.2 1 1
backend/apps/severino/src/handlers/track.handler.go:24.56,26.50 2 1
backend/apps/severino/src/handlers/track.handler.go:30.2,31.16 2 1
backend/apps/severino/src/handlers/track.handler.go:34.2,34.66 1 1
backend/apps/severino/src/handlers/track.handler.go:26.50,28.3 1 1
backend/apps/severino/src/handlers/track.handler.go:31.16,33.3 1 1
backend/apps/severino/src/handlers/track.handler.go:37.56,39.50 2 1
backend/apps/severino/src/handlers/track.handler.go:42.2,43.13 2 1
backend/apps/severino/src/handlers/track.handler.go:46.2,48.16 3 1
backend/apps/severino/src/handlers/track.handler.go:51.2,51.61 1 1
backend/apps/severino/src/handlers/track.handler.go:39.50,41.3 1 0
backend/apps/severino/src/handlers/track.handler.go:43.13,45.3 1 1
backend/apps/severino/src/handlers/track.handler.go:48.16,50.3 1 0
backend/apps/severino/src/handlers/track.handler.go:54.57,56.13 2 1
backend/apps/severino/src/handlers/track.handler.go:59.2,62.16 4 1
backend/apps/severino/src/handlers/track.handler.go:65.2,65.62 1 1
backend/apps/severino/src/handlers/track.handler.go:56.13,58.3 1 0
backend/apps/severino/src/handlers/track.handler.go:62.16,64.3 1 1
backend/apps/severino/src/handlers/track.handler.go:68.57,72.16 4 1
backend/apps/severino/src/handlers/track.handler.go:76.2,78.36 3 1
backend/apps/severino/src/handlers/track.handler.go:72.16,75.3 2 1
backend/apps/severino/src/handlers/track.handler.go:81.56,83.13 2 1
backend/apps/severino/src/handlers/track.handler.go:86.2,88.16 3 1
backend/apps/severino/src/handlers/track.handler.go:91.2,91.42 1 1
backend/apps/severino/src/handlers/track.handler.go:83.13,85.3 1 0
backend/apps/severino/src/handlers/track.handler.go:88.16,90.3 1 0
backend/apps/elearning/src/repositories/album.querybuilder.go:13.47,15.2 1 1
backend/apps/elearning/src/repositories/album.querybuilder.go:17.47,21.2 1 1
backend/apps/elearning/src/repositories/album.querybuilder.go:23.47,25.2 1 1
backend/apps/elearning/src/repositories/album.querybuilder.go:27.54,29.2 1 0
backend/apps/elearning/src/repositories/album.querybuilder.go:31.88,33.43 2 0
backend/apps/elearning/src/repositories/album.querybuilder.go:36.2,36.127 1 0
backend/apps/elearning/src/repositories/album.querybuilder.go:33.43,35.3 1 0
backend/apps/elearning/src/repositories/album.querybuilder.go:39.64,41.2 1 0
backend/apps/elearning/src/repositories/album.querybuilder.go:43.69,49.24 4 1
backend/apps/elearning/src/repositories/album.querybuilder.go:57.2,57.26 1 1
backend/apps/elearning/src/repositories/album.querybuilder.go:61.2,64.55 3 1
backend/apps/elearning/src/repositories/album.querybuilder.go:67.2,67.51 1 1
backend/apps/elearning/src/repositories/album.querybuilder.go:70.2,70.14 1 1
backend/apps/elearning/src/repositories/album.querybuilder.go:49.24,52.33 3 0
backend/apps/elearning/src/repositories/album.querybuilder.go:52.33,54.4 1 0
backend/apps/elearning/src/repositories/album.querybuilder.go:57.26,59.3 1 1
backend/apps/elearning/src/repositories/album.querybuilder.go:64.55,66.3 1 0
backend/apps/elearning/src/repositories/album.querybuilder.go:67.51,69.3 1 1
backend/apps/elearning/src/repositories/album.querybuilder.go:73.61,75.2 1 0
backend/apps/elearning/src/repositories/album.querybuilder.go:77.61,79.2 1 0
backend/apps/elearning/src/repositories/album.querybuilder.go:81.60,83.2 1 0
backend/apps/elearning/src/repositories/album.querybuilder.go:85.69,87.2 1 0
backend/apps/elearning/src/repositories/album.querybuilder.go:89.60,97.2 1 1
backend/apps/elearning/src/repositories/album.querybuilder.go:99.61,103.2 1 0
backend/apps/elearning/src/repositories/album.querybuilder.go:105.48,114.2 1 1
backend/apps/elearning/src/repositories/album.querybuilder.go:116.47,118.2 1 1
backend/apps/elearning/src/repositories/album.querybuilder.go:120.67,123.24 3 1
backend/apps/elearning/src/repositories/album.querybuilder.go:130.2,130.26 1 1
backend/apps/elearning/src/repositories/album.querybuilder.go:133.2,134.14 2 1
backend/apps/elearning/src/repositories/album.querybuilder.go:123.24,126.33 3 0
backend/apps/elearning/src/repositories/album.querybuilder.go:126.33,128.4 1 0
backend/apps/elearning/src/repositories/album.querybuilder.go:130.26,132.3 1 1
backend/apps/elearning/src/repositories/album.querybuilder.go:137.48,139.2 1 1
backend/apps/elearning/src/repositories/album.querybuilder.go:141.50,143.2 1 1
backend/apps/elearning/src/repositories/album.repository.go:16.59,21.2 1 1
backend/apps/elearning/src/repositories/album.repository.go:23.75,28.2 4 1
backend/apps/elearning/src/repositories/album.repository.go:30.75,35.2 4 1
backend/apps/elearning/src/repositories/album.repository.go:37.95,41.45 4 0
backend/apps/elearning/src/repositories/album.repository.go:60.2,60.12 1 0
backend/apps/elearning/src/repositories/album.repository.go:41.45,43.106 2 0
backend/apps/elearning/src/repositories/album.repository.go:48.3,48.31 1 0
backend/apps/elearning/src/repositories/album.repository.go:53.3,55.102 3 0
backend/apps/elearning/src/repositories/album.repository.go:43.106,45.12 2 0
backend/apps/elearning/src/repositories/album.repository.go:48.31,50.12 2 0
backend/apps/elearning/src/repositories/album.repository.go:55.102,58.4 2 0
backend/apps/elearning/src/repositories/album.repository.go:63.80,68.2 2 0
backend/apps/elearning/src/repositories/album.repository.go:70.96,73.16 3 0
backend/apps/elearning/src/repositories/album.repository.go:77.2,77.12 1 0
backend/apps/elearning/src/repositories/album.repository.go:73.16,76.3 2 0
backend/apps/elearning/src/repositories/album.repository.go:80.91,83.16 3 1
backend/apps/elearning/src/repositories/album.repository.go:88.2,89.47 2 1
backend/apps/elearning/src/repositories/album.repository.go:94.2,95.19 2 1
backend/apps/elearning/src/repositories/album.repository.go:83.16,86.3 2 0
backend/apps/elearning/src/repositories/album.repository.go:89.47,92.3 2 1
backend/apps/elearning/src/repositories/album.repository.go:98.84,105.16 6 1
backend/apps/elearning/src/repositories/album.repository.go:109.2,112.93 3 1
backend/apps/elearning/src/repositories/album.repository.go:117.2,124.20 4 1
backend/apps/elearning/src/repositories/album.repository.go:105.16,108.3 2 0
backend/apps/elearning/src/repositories/album.repository.go:112.93,115.3 2 0
backend/apps/elearning/src/repositories/album.repository.go:127.86,131.16 4 0
backend/apps/elearning/src/repositories/album.repository.go:135.2,136.35 2 0
backend/apps/elearning/src/repositories/album.repository.go:140.2,140.18 1 0
backend/apps/elearning/src/repositories/album.repository.go:150.2,150.17 1 0
backend/apps/elearning/src/repositories/album.repository.go:131.16,134.3 2 0
backend/apps/elearning/src/repositories/album.repository.go:136.35,139.3 2 0
backend/apps/elearning/src/repositories/album.repository.go:140.18,143.17 3 0
backend/apps/elearning/src/repositories/album.repository.go:147.3,148.39 2 0
backend/apps/elearning/src/repositories/album.repository.go:143.17,145.12 2 0
backend/apps/elearning/src/repositories/album.repository.go:153.84,158.16 5 0
backend/apps/elearning/src/repositories/album.repository.go:161.2,161.15 1 0
backend/apps/elearning/src/repositories/album.repository.go:158.16,160.3 1 0
backend/apps/elearning/src/repositories/album.repository.go:164.73,168.16 4 0
backend/apps/elearning/src/repositories/album.repository.go:171.2,171.17 1 0
backend/apps/elearning/src/repositories/album.repository.go:168.16,170.3 1 0
backend/apps/elearning/src/repositories/album.repository.go:174.76,182.16 8 1
backend/apps/elearning/src/repositories/album.repository.go:186.2,189.20 4 1
backend/apps/elearning/src/repositories/album.repository.go:182.16,185.3 2 1
backend/apps/elearning/src/repositories/album.repository.go:192.75,199.16 7 1
backend/apps/elearning/src/repositories/album.repository.go:203.2,204.16 2 1
backend/apps/elearning/src/repositories/album.repository.go:199.16,202.3 2 1
backend/apps/elearning/src/repositories/album.repository.go:207.85,213.2 5 0
backend/apps/elearning/src/repositories/album.repository.go:215.94,221.2 5 0
backend/apps/elearning/src/repositories/album.repository.go:223.85,229.2 5 1
backend/apps/elearning/src/repositories/album.repository.go:231.81,235.2 3 1
backend/apps/elearning/src/repositories/album.repository.go:237.83,241.2 3 1
backend/apps/elearning/src/repositories/preference.querybuilder.go:5.57,7.2 1 1
backend/apps/elearning/src/repositories/preference.querybuilder.go:9.53,13.2 1 1
backend/apps/elearning/src/repositories/preference.querybuilder.go:15.52,21.2 1 1
backend/apps/elearning/src/repositories/preference.repository.go:15.64,20.2 1 1
backend/apps/elearning/src/repositories/preference.repository.go:22.80,24.2 1 0
backend/apps/elearning/src/repositories/preference.repository.go:26.80,32.16 6 1
backend/apps/elearning/src/repositories/preference.repository.go:37.2,38.53 2 1
backend/apps/elearning/src/repositories/preference.repository.go:43.2,44.19 2 1
backend/apps/elearning/src/repositories/preference.repository.go:32.16,35.3 2 0
backend/apps/elearning/src/repositories/preference.repository.go:38.53,41.3 2 1
backend/apps/elearning/src/repositories/preference.repository.go:47.81,54.16 7 1
backend/apps/elearning/src/repositories/preference.repository.go:58.2,59.24 2 1
backend/apps/elearning/src/repositories/preference.repository.go:54.16,57.3 2 0
backend/apps/elearning/src/repositories/preference.repository.go:62.89,64.2 1 0
backend/apps/elearning/src/repositories/preference.repository.go:66.80,68.2 1 0
backend/apps/elearning/src/repositories/shelf.querybuilder.go:12.47,14.2 1 1
backend/apps/elearning/src/repositories/shelf.querybuilder.go:16.47,20.2 1 1
backend/apps/elearning/src/repositories/shelf.querybuilder.go:22.47,24.2 1 1
backend/apps/elearning/src/repositories/shelf.querybuilder.go:26.48,28.2 1 1
backend/apps/elearning/src/repositories/shelf.querybuilder.go:30.69,34.26 4 1
backend/apps/elearning/src/repositories/shelf.querybuilder.go:37.2,40.55 3 1
backend/apps/elearning/src/repositories/shelf.querybuilder.go:43.2,43.51 1 1
backend/apps/elearning/src/repositories/shelf.querybuilder.go:46.2,46.14 1 1
backend/apps/elearning/src/repositories/shelf.querybuilder.go:34.26,36.3 1 0
backend/apps/elearning/src/repositories/shelf.querybuilder.go:40.55,42.3 1 0
backend/apps/elearning/src/repositories/shelf.querybuilder.go:43.51,45.3 1 1
backend/apps/elearning/src/repositories/shelf.querybuilder.go:49.83,51.40 2 0
backend/apps/elearning/src/repositories/shelf.querybuilder.go:54.2,54.124 1 0
backend/apps/elearning/src/repositories/shelf.querybuilder.go:51.40,53.3 1 0
backend/apps/elearning/src/repositories/shelf.querybuilder.go:57.68,59.2 1 0
backend/apps/elearning/src/repositories/shelf.querybuilder.go:61.47,63.2 1 1
backend/apps/elearning/src/repositories/shelf.querybuilder.go:65.61,67.2 1 0
backend/apps/elearning/src/repositories/shelf.querybuilder.go:69.77,83.51 4 0
backend/apps/elearning/src/repositories/shelf.querybuilder.go:86.2,86.14 1 0
backend/apps/elearning/src/repositories/shelf.querybuilder.go:83.51,85.3 1 0
backend/apps/elearning/src/repositories/shelf.querybuilder.go:89.67,92.26 3 1
backend/apps/elearning/src/repositories/shelf.querybuilder.go:95.2,96.14 2 1
backend/apps/elearning/src/repositories/shelf.querybuilder.go:92.26,94.3 1 0
backend/apps/elearning/src/repositories/subject.querybuilder.go:13.51,17.2 1 1
backend/apps/elearning/src/repositories/subject.querybuilder.go:19.49,21.2 1 1
backend/apps/elearning/src/repositories/subject.querybuilder.go:23.49,25.2 1 1
backend/apps/elearning/src/repositories/subject.querybuilder.go:27.50,29.2 1 1
backend/apps/elearning/src/repositories/subject.querybuilder.go:31.71,37.2 3 1
backend/apps/elearning/src/repositories/subject.querybuilder.go:39.69,42.26 3 1
backend/apps/elearning/src/repositories/subject.querybuilder.go:45.2,46.14 2 1
backend/apps/elearning/src/repositories/subject.querybuilder.go:42.26,44.3 1 1
backend/apps/elearning/src/repositories/subject.querybuilder.go:49.49,51.2 1 1
backend/apps/elearning/src/repositories/filtering.querybuilder.go:11.55,13.2 1 1
backend/apps/elearning/src/repositories/filtering.querybuilder.go:15.88,17.26 2 1
backend/apps/elearning/src/repositories/filtering.querybuilder.go:20.2,23.55 3 1
backend/apps/elearning/src/repositories/filtering.querybuilder.go:26.2,26.51 1 1
backend/apps/elearning/src/repositories/filtering.querybuilder.go:29.2,29.14 1 1
backend/apps/elearning/src/repositories/filtering.querybuilder.go:17.26,19.3 1 1
backend/apps/elearning/src/repositories/filtering.querybuilder.go:23.55,25.3 1 0
backend/apps/elearning/src/repositories/filtering.querybuilder.go:26.51,28.3 1 1
backend/apps/elearning/src/repositories/shelf.repository.go:15.59,20.2 1 1
backend/apps/elearning/src/repositories/shelf.repository.go:22.75,27.2 4 1
backend/apps/elearning/src/repositories/shelf.repository.go:29.75,34.2 4 1
backend/apps/elearning/src/repositories/shelf.repository.go:36.76,43.16 7 1
backend/apps/elearning/src/repositories/shelf.repository.go:47.2,48.19 2 1
backend/apps/elearning/src/repositories/shelf.repository.go:43.16,46.3 2 0
backend/apps/elearning/src/repositories/shelf.repository.go:51.84,58.16 6 1
backend/apps/elearning/src/repositories/shelf.repository.go:62.2,66.16 4 1
backend/apps/elearning/src/repositories/shelf.repository.go:71.2,77.20 4 1
backend/apps/elearning/src/repositories/shelf.repository.go:58.16,61.3 2 0
backend/apps/elearning/src/repositories/shelf.repository.go:66.16,69.3 2 0
backend/apps/elearning/src/repositories/shelf.repository.go:80.75,87.16 7 1
backend/apps/elearning/src/repositories/shelf.repository.go:91.2,92.16 2 1
backend/apps/elearning/src/repositories/shelf.repository.go:87.16,90.3 2 1
backend/apps/elearning/src/repositories/shelf.repository.go:95.80,99.16 4 0
backend/apps/elearning/src/repositories/shelf.repository.go:103.2,103.12 1 0
backend/apps/elearning/src/repositories/shelf.repository.go:99.16,102.3 2 0
backend/apps/elearning/src/repositories/shelf.repository.go:106.84,110.16 4 0
backend/apps/elearning/src/repositories/shelf.repository.go:114.2,114.12 1 0
backend/apps/elearning/src/repositories/shelf.repository.go:110.16,113.3 2 0
backend/apps/elearning/src/repositories/shelf.repository.go:117.82,121.16 4 0
backend/apps/elearning/src/repositories/shelf.repository.go:124.2,124.16 1 0
backend/apps/elearning/src/repositories/shelf.repository.go:121.16,123.3 1 0
backend/apps/elearning/src/repositories/shelf.repository.go:128.92,135.16 6 0
backend/apps/elearning/src/repositories/shelf.repository.go:139.2,147.20 5 0
backend/apps/elearning/src/repositories/shelf.repository.go:135.16,138.3 2 0
backend/apps/elearning/src/repositories/shelf.repository.go:150.91,153.16 3 1
backend/apps/elearning/src/repositories/shelf.repository.go:158.2,159.47 2 1
backend/apps/elearning/src/repositories/shelf.repository.go:164.2,165.19 2 1
backend/apps/elearning/src/repositories/shelf.repository.go:153.16,156.3 2 0
backend/apps/elearning/src/repositories/shelf.repository.go:159.47,162.3 2 1
backend/apps/elearning/src/repositories/subject.repository.go:16.61,21.2 1 1
backend/apps/elearning/src/repositories/subject.repository.go:23.77,28.2 4 1
backend/apps/elearning/src/repositories/subject.repository.go:30.78,37.16 7 1
backend/apps/elearning/src/repositories/subject.repository.go:41.2,42.21 2 1
backend/apps/elearning/src/repositories/subject.repository.go:37.16,40.3 2 1
backend/apps/elearning/src/repositories/subject.repository.go:45.77,51.78 5 1
backend/apps/elearning/src/repositories/subject.repository.go:56.2,58.36 3 1
backend/apps/elearning/src/repositories/subject.repository.go:51.78,54.3 2 1
backend/apps/elearning/src/repositories/subject.repository.go:61.95,64.16 3 1
backend/apps/elearning/src/repositories/subject.repository.go:69.2,70.47 2 1
backend/apps/elearning/src/repositories/subject.repository.go:75.2,76.19 2 1
backend/apps/elearning/src/repositories/subject.repository.go:64.16,67.3 2 1
backend/apps/elearning/src/repositories/subject.repository.go:70.47,73.3 2 1
backend/apps/elearning/src/repositories/subject.repository.go:79.86,85.51 5 1
backend/apps/elearning/src/repositories/subject.repository.go:89.2,92.74 3 1
backend/apps/elearning/src/repositories/subject.repository.go:97.2,103.8 3 1
backend/apps/elearning/src/repositories/subject.repository.go:85.51,88.3 2 1
backend/apps/elearning/src/repositories/subject.repository.go:92.74,95.3 2 0
backend/apps/elearning/src/repositories/subject.repository.go:106.77,113.16 7 1
backend/apps/elearning/src/repositories/subject.repository.go:117.2,118.16 2 1
backend/apps/elearning/src/repositories/subject.repository.go:113.16,116.3 2 1
backend/apps/elearning/src/repositories/track.querybuilder.go:13.47,17.2 1 1
backend/apps/elearning/src/repositories/track.querybuilder.go:19.47,23.2 1 1
backend/apps/elearning/src/repositories/track.querybuilder.go:25.47,29.2 1 1
backend/apps/elearning/src/repositories/track.querybuilder.go:31.48,33.2 1 1
backend/apps/elearning/src/repositories/track.querybuilder.go:35.69,39.2 3 1
backend/apps/elearning/src/repositories/track.querybuilder.go:41.47,43.2 1 1
backend/apps/elearning/src/repositories/track.querybuilder.go:45.67,49.26 4 1
backend/apps/elearning/src/repositories/track.querybuilder.go:52.2,53.14 2 1
backend/apps/elearning/src/repositories/track.querybuilder.go:49.26,51.3 1 0
backend/apps/elearning/src/repositories/track.querybuilder.go:56.67,59.2 1 1
backend/apps/elearning/src/repositories/track.repository.go:15.64,20.2 1 1
backend/apps/elearning/src/repositories/track.repository.go:22.75,27.2 4 1
backend/apps/elearning/src/repositories/track.repository.go:29.75,34.2 4 1
backend/apps/elearning/src/repositories/track.repository.go:36.76,43.16 7 1
backend/apps/elearning/src/repositories/track.repository.go:47.2,48.20 2 1
backend/apps/elearning/src/repositories/track.repository.go:43.16,46.3 2 0
backend/apps/elearning/src/repositories/track.repository.go:51.84,58.16 6 1
backend/apps/elearning/src/repositories/track.repository.go:63.2,65.16 3 1
backend/apps/elearning/src/repositories/track.repository.go:70.2,76.20 4 1
backend/apps/elearning/src/repositories/track.repository.go:58.16,61.3 2 0
backend/apps/elearning/src/repositories/track.repository.go:65.16,68.3 2 0
backend/apps/elearning/src/repositories/track.repository.go:79.75,86.16 7 1
backend/apps/elearning/src/repositories/track.repository.go:90.2,91.16 2 1
backend/apps/elearning/src/repositories/track.repository.go:86.16,89.3 2 1
backend/apps/elearning/src/repositories/track.repository.go:94.91,97.16 3 1
backend/apps/elearning/src/repositories/track.repository.go:102.2,103.47 2 1
backend/apps/elearning/src/repositories/track.repository.go:108.2,109.19 2 1
backend/apps/elearning/src/repositories/track.repository.go:97.16,100.3 2 0
backend/apps/elearning/src/repositories/track.repository.go:103.47,106.3 2 1
backend/apps/elearning/src/repositories/track.repository.go:112.92,117.72 5 1
backend/apps/elearning/src/repositories/track.repository.go:121.2,121.12 1 1
backend/apps/elearning/src/repositories/track.repository.go:117.72,120.3 2 1
backend/apps/elearning/src/rpc/shelf.server.go:20.80,24.14 4 1
backend/apps/elearning/src/rpc/shelf.server.go:27.2,27.15 1 1
backend/apps/elearning/src/rpc/shelf.server.go:24.14,26.3 1 0
backend/apps/elearning/src/rpc/shelf.server.go:30.103,36.16 6 1
backend/apps/elearning/src/rpc/shelf.server.go:41.2,42.27 2 1
backend/apps/elearning/src/rpc/shelf.server.go:51.2,56.18 4 1
backend/apps/elearning/src/rpc/shelf.server.go:36.16,39.3 2 0
backend/apps/elearning/src/rpc/shelf.server.go:42.27,46.17 4 1
backend/apps/elearning/src/rpc/shelf.server.go:46.17,48.4 1 1
backend/apps/elearning/src/rpc/shelf.server.go:59.103,65.16 6 1
backend/apps/elearning/src/rpc/shelf.server.go:70.2,71.27 2 1
backend/apps/elearning/src/rpc/shelf.server.go:84.2,89.18 4 1
backend/apps/elearning/src/rpc/shelf.server.go:65.16,68.3 2 0
backend/apps/elearning/src/rpc/shelf.server.go:71.27,75.17 4 1
backend/apps/elearning/src/rpc/shelf.server.go:75.17,78.18 3 1
backend/apps/elearning/src/rpc/shelf.server.go:78.18,80.5 1 1
backend/apps/elearning/src/rpc/shelf.server.go:92.103,98.16 6 1
backend/apps/elearning/src/rpc/shelf.server.go:103.2,107.18 3 1
backend/apps/elearning/src/rpc/shelf.server.go:98.16,101.3 2 0
backend/apps/elearning/src/rpc/shelf.server.go:110.104,115.16 5 1
backend/apps/elearning/src/rpc/shelf.server.go:119.2,122.16 4 1
backend/apps/elearning/src/rpc/shelf.server.go:126.2,126.27 1 1
backend/apps/elearning/src/rpc/shelf.server.go:130.2,136.18 4 1
backend/apps/elearning/src/rpc/shelf.server.go:115.16,118.3 2 0
backend/apps/elearning/src/rpc/shelf.server.go:122.16,125.3 2 0
backend/apps/elearning/src/rpc/shelf.server.go:126.27,129.3 2 1
backend/apps/elearning/src/rpc/shelf.server.go:139.107,144.16 5 1
backend/apps/elearning/src/rpc/shelf.server.go:148.2,151.59 4 1
backend/apps/elearning/src/rpc/shelf.server.go:154.2,155.30 2 1
backend/apps/elearning/src/rpc/shelf.server.go:175.2,180.18 3 1
backend/apps/elearning/src/rpc/shelf.server.go:144.16,147.3 2 0
backend/apps/elearning/src/rpc/shelf.server.go:151.59,153.3 1 0
backend/apps/elearning/src/rpc/shelf.server.go:155.30,158.26 3 1
backend/apps/elearning/src/rpc/shelf.server.go:163.3,163.17 1 1
backend/apps/elearning/src/rpc/shelf.server.go:167.3,167.28 1 1
backend/apps/elearning/src/rpc/shelf.server.go:171.3,172.35 2 1
backend/apps/elearning/src/rpc/shelf.server.go:158.26,160.4 1 0
backend/apps/elearning/src/rpc/shelf.server.go:160.9,162.4 1 1
backend/apps/elearning/src/rpc/shelf.server.go:163.17,165.12 2 0
backend/apps/elearning/src/rpc/shelf.server.go:167.28,170.4 2 1
backend/apps/elearning/src/rpc/subject.server.go:19.84,22.14 3 1
backend/apps/elearning/src/rpc/subject.server.go:25.2,25.15 1 1
backend/apps/elearning/src/rpc/subject.server.go:22.14,24.3 1 0
backend/apps/elearning/src/rpc/subject.server.go:32.108,38.16 6 1
backend/apps/elearning/src/rpc/subject.server.go:43.2,49.18 5 1
backend/apps/elearning/src/rpc/subject.server.go:38.16,41.3 2 1
backend/apps/elearning/src/rpc/subject.server.go:52.108,58.16 6 1
backend/apps/elearning/src/rpc/subject.server.go:63.2,69.18 5 1
backend/apps/elearning/src/rpc/subject.server.go:58.16,61.3 2 1
backend/apps/elearning/src/rpc/subject.server.go:72.110,77.16 5 1
backend/apps/elearning/src/rpc/subject.server.go:82.2,87.18 4 1
backend/apps/elearning/src/rpc/subject.server.go:77.16,80.3 2 1
backend/apps/elearning/src/rpc/subject.server.go:90.110,95.16 5 1
backend/apps/elearning/src/rpc/subject.server.go:99.2,106.18 4 1
backend/apps/elearning/src/rpc/subject.server.go:95.16,98.3 2 1
backend/apps/elearning/src/rpc/subject.server.go:109.109,115.16 6 1
backend/apps/elearning/src/rpc/subject.server.go:120.2,124.18 3 1
backend/apps/elearning/src/rpc/subject.server.go:115.16,118.3 2 1
backend/apps/elearning/src/rpc/track.server.go:20.80,24.14 4 1
backend/apps/elearning/src/rpc/track.server.go:27.2,27.15 1 1
backend/apps/elearning/src/rpc/track.server.go:24.14,26.3 1 0
backend/apps/elearning/src/rpc/track.server.go:30.103,36.16 6 1
backend/apps/elearning/src/rpc/track.server.go:41.2,43.90 3 1
backend/apps/elearning/src/rpc/track.server.go:48.2,53.18 4 1
backend/apps/elearning/src/rpc/track.server.go:36.16,39.3 2 1
backend/apps/elearning/src/rpc/track.server.go:43.90,46.3 2 1
backend/apps/elearning/src/rpc/track.server.go:56.103,62.16 6 1
backend/apps/elearning/src/rpc/track.server.go:66.2,72.18 5 1
backend/apps/elearning/src/rpc/track.server.go:62.16,65.3 2 0
backend/apps/elearning/src/rpc/track.server.go:75.103,81.16 6 1
backend/apps/elearning/src/rpc/track.server.go:86.2,90.18 3 1
backend/apps/elearning/src/rpc/track.server.go:81.16,84.3 2 1
backend/apps/elearning/src/rpc/track.server.go:93.104,98.16 5 1
backend/apps/elearning/src/rpc/track.server.go:102.2,104.16 3 1
backend/apps/elearning/src/rpc/track.server.go:107.2,112.18 4 1
backend/apps/elearning/src/rpc/track.server.go:98.16,101.3 2 1
backend/apps/elearning/src/rpc/track.server.go:104.16,106.3 1 0
backend/apps/elearning/src/rpc/track.server.go:115.106,120.16 5 1
backend/apps/elearning/src/rpc/track.server.go:125.2,126.55 2 1
backend/apps/elearning/src/rpc/track.server.go:135.2,140.18 3 1
backend/apps/elearning/src/rpc/track.server.go:120.16,123.3 2 0
backend/apps/elearning/src/rpc/track.server.go:126.55,128.17 2 1
backend/apps/elearning/src/rpc/track.server.go:131.3,133.33 3 1
backend/apps/elearning/src/rpc/track.server.go:128.17,130.4 1 0
backend/apps/elearning/src/rpc/album.server.go:20.80,24.14 4 1
backend/apps/elearning/src/rpc/album.server.go:27.2,27.15 1 1
backend/apps/elearning/src/rpc/album.server.go:24.14,26.3 1 0
backend/apps/elearning/src/rpc/album.server.go:30.103,35.16 5 1
backend/apps/elearning/src/rpc/album.server.go:39.2,41.91 3 1
backend/apps/elearning/src/rpc/album.server.go:44.2,49.18 4 1
backend/apps/elearning/src/rpc/album.server.go:35.16,38.3 2 1
backend/apps/elearning/src/rpc/album.server.go:41.91,43.3 1 0
backend/apps/elearning/src/rpc/album.server.go:52.103,58.16 6 1
backend/apps/elearning/src/rpc/album.server.go:63.2,65.76 3 1
backend/apps/elearning/src/rpc/album.server.go:68.2,69.91 2 1
backend/apps/elearning/src/rpc/album.server.go:72.2,77.18 4 1
backend/apps/elearning/src/rpc/album.server.go:58.16,61.3 2 1
backend/apps/elearning/src/rpc/album.server.go:65.76,67.3 1 0
backend/apps/elearning/src/rpc/album.server.go:69.91,71.3 1 0
backend/apps/elearning/src/rpc/album.server.go:80.103,86.16 6 1
backend/apps/elearning/src/rpc/album.server.go:91.2,95.18 3 1
backend/apps/elearning/src/rpc/album.server.go:86.16,89.3 2 1
backend/apps/elearning/src/rpc/album.server.go:98.104,103.16 5 1
backend/apps/elearning/src/rpc/album.server.go:107.2,121.18 12 1
backend/apps/elearning/src/rpc/album.server.go:103.16,106.3 2 0
backend/apps/elearning/src/rpc/album.server.go:124.106,129.16 5 1
backend/apps/elearning/src/rpc/album.server.go:133.2,134.31 2 1
backend/apps/elearning/src/rpc/album.server.go:142.2,147.18 3 1
backend/apps/elearning/src/rpc/album.server.go:129.16,132.3 2 0
backend/apps/elearning/src/rpc/album.server.go:134.31,140.3 5 1
backend/apps/elearning/src/rpc/album.server.go:150.104,155.16 5 1
backend/apps/elearning/src/rpc/album.server.go:159.2,164.18 4 1
backend/apps/elearning/src/rpc/album.server.go:155.16,158.3 2 0
backend/apps/elearning/src/rpc/album.server.go:167.106,172.16 5 0
backend/apps/elearning/src/rpc/album.server.go:176.2,180.18 3 0
backend/apps/elearning/src/rpc/album.server.go:172.16,175.3 2 0
backend/apps/elearning/src/rpc/home.server.go:24.78,29.14 5 1
backend/apps/elearning/src/rpc/home.server.go:32.2,32.15 1 1
backend/apps/elearning/src/rpc/home.server.go:29.14,31.3 1 0
backend/apps/elearning/src/rpc/home.server.go:35.106,39.16 4 1
backend/apps/elearning/src/rpc/home.server.go:43.2,46.16 4 1
backend/apps/elearning/src/rpc/home.server.go:51.2,64.28 6 1
backend/apps/elearning/src/rpc/home.server.go:76.2,80.18 2 1
backend/apps/elearning/src/rpc/home.server.go:39.16,42.3 2 0
backend/apps/elearning/src/rpc/home.server.go:46.16,49.3 2 0
backend/apps/elearning/src/rpc/home.server.go:64.28,66.17 2 1
backend/apps/elearning/src/rpc/home.server.go:71.3,73.35 2 1
backend/apps/elearning/src/rpc/home.server.go:66.17,69.4 2 0
backend/apps/elearning/src/rpc/home.server.go:83.69,84.27 1 1
backend/apps/elearning/src/rpc/home.server.go:84.27,87.3 2 1
backend/apps/elearning/src/rpc/home.server.go:90.59,92.2 1 1
backend/apps/elearning/src/rpc/preference.server.go:18.90,21.14 3 1
backend/apps/elearning/src/rpc/preference.server.go:24.2,24.15 1 1
backend/apps/elearning/src/rpc/preference.server.go:21.14,23.3 1 0
backend/apps/elearning/src/rpc/preference.server.go:27.118,32.16 5 1
backend/apps/elearning/src/rpc/preference.server.go:36.2,41.18 4 1
backend/apps/elearning/src/rpc/preference.server.go:32.16,35.3 2 0
backend/apps/accounts/src/repositories/account_repository.go:19.68,24.2 1 1
backend/apps/accounts/src/repositories/account_repository.go:26.77,32.20 4 1
backend/apps/accounts/src/repositories/account_repository.go:36.2,37.16 2 1
backend/apps/accounts/src/repositories/account_repository.go:41.2,41.19 1 1
backend/apps/accounts/src/repositories/account_repository.go:32.20,34.3 1 1
backend/apps/accounts/src/repositories/account_repository.go:37.16,39.3 1 1
backend/apps/accounts/src/repositories/account_repository.go:44.78,52.16 6 1
backend/apps/accounts/src/repositories/account_repository.go:56.2,57.49 2 1
backend/apps/accounts/src/repositories/account_repository.go:62.2,64.22 2 1
backend/apps/accounts/src/repositories/account_repository.go:52.16,54.3 1 1
backend/apps/accounts/src/repositories/account_repository.go:57.49,60.3 2 1
backend/apps/accounts/src/repositories/account_repository.go:67.86,70.2 1 0
backend/apps/accounts/src/repositories/account_repository.go:72.77,75.2 1 0
backend/apps/accounts/src/repositories/account_repository.go:77.77,85.16 5 1
backend/apps/accounts/src/repositories/account_repository.go:89.2,89.19 1 1
backend/apps/accounts/src/repositories/account_repository.go:85.16,87.3 1 1
backend/apps/accounts/src/repositories/account_repository.go:92.100,95.16 3 1
backend/apps/accounts/src/repositories/account_repository.go:100.2,101.47 2 1
backend/apps/accounts/src/repositories/account_repository.go:106.2,107.20 2 1
backend/apps/accounts/src/repositories/account_repository.go:95.16,98.3 2 1
backend/apps/accounts/src/repositories/account_repository.go:101.47,104.3 2 1
backend/apps/accounts/src/repositories/account_repository.go:110.93,116.16 5 1
backend/apps/accounts/src/repositories/account_repository.go:121.2,122.49 2 1
backend/apps/accounts/src/repositories/account_repository.go:127.2,127.22 1 1
backend/apps/accounts/src/repositories/account_repository.go:116.16,119.3 2 1
backend/apps/accounts/src/repositories/account_repository.go:122.49,125.3 2 1
backend/apps/accounts/src/repositories/user_querybuilder.go:11.45,13.2 1 1
backend/apps/accounts/src/repositories/user_querybuilder.go:15.50,17.2 1 1
backend/apps/accounts/src/repositories/user_querybuilder.go:19.73,23.2 3 0
backend/apps/accounts/src/repositories/user_querybuilder.go:25.71,34.2 7 0
backend/apps/accounts/src/repositories/user_querybuilder.go:36.94,38.26 2 0
backend/apps/accounts/src/repositories/user_querybuilder.go:42.2,43.55 2 0
backend/apps/accounts/src/repositories/user_querybuilder.go:46.2,46.51 1 0
backend/apps/accounts/src/repositories/user_querybuilder.go:50.2,50.14 1 0
backend/apps/accounts/src/repositories/user_querybuilder.go:38.26,40.3 1 0
backend/apps/accounts/src/repositories/user_querybuilder.go:43.55,45.3 1 0
backend/apps/accounts/src/repositories/user_querybuilder.go:46.51,48.3 1 0
backend/apps/accounts/src/repositories/user_repository.go:17.58,22.2 1 1
backend/apps/accounts/src/repositories/user_repository.go:24.74,30.16 5 1
backend/apps/accounts/src/repositories/user_repository.go:35.2,36.44 2 1
backend/apps/accounts/src/repositories/user_repository.go:41.2,46.19 3 1
backend/apps/accounts/src/repositories/user_repository.go:30.16,33.3 2 0
backend/apps/accounts/src/repositories/user_repository.go:36.44,39.3 2 1
backend/apps/accounts/src/repositories/user_repository.go:49.83,54.16 5 0
backend/apps/accounts/src/repositories/user_repository.go:59.2,64.16 4 0
backend/apps/accounts/src/repositories/user_repository.go:68.2,76.20 4 0
backend/apps/accounts/src/repositories/user_repository.go:54.16,57.3 2 0
backend/apps/accounts/src/repositories/user_repository.go:64.16,67.3 2 0
backend/apps/accounts/src/repositories/user_repository.go:80.75,83.2 1 0
backend/apps/accounts/src/repositories/user_repository.go:85.74,88.2 1 0
backend/apps/accounts/src/repositories/user_repository.go:90.74,93.2 1 0
backend/apps/accounts/src/repositories/account_querybuilder.go:9.51,11.2 1 1
backend/apps/accounts/src/repositories/account_querybuilder.go:13.67,19.2 1 1
backend/apps/accounts/src/repositories/account_querybuilder.go:21.69,31.2 1 1
backend/apps/accounts/src/repositories/account_querybuilder.go:33.56,35.2 1 1
backend/apps/accounts/src/repositories/account_querybuilder.go:37.73,39.2 1 1
backend/apps/accounts/src/repositories/account_querybuilder.go:41.72,44.2 1 1
backend/apps/accounts/src/rpc/account_server.go:29.84,34.14 5 1
backend/apps/accounts/src/rpc/account_server.go:37.2,37.15 1 1
backend/apps/accounts/src/rpc/account_server.go:34.14,36.3 1 0
backend/apps/accounts/src/rpc/account_server.go:40.109,48.29 5 1
backend/apps/accounts/src/rpc/account_server.go:54.2,54.20 1 1
backend/apps/accounts/src/rpc/account_server.go:58.2,58.32 1 1
backend/apps/accounts/src/rpc/account_server.go:48.29,50.3 1 1
backend/apps/accounts/src/rpc/account_server.go:50.8,52.3 1 1
backend/apps/accounts/src/rpc/account_server.go:54.20,56.3 1 1
backend/apps/accounts/src/rpc/account_server.go:61.110,68.16 5 1
backend/apps/accounts/src/rpc/account_server.go:73.2,75.45 2 1
backend/apps/accounts/src/rpc/account_server.go:80.2,80.20 1 1
backend/apps/accounts/src/rpc/account_server.go:88.2,93.18 4 1
backend/apps/accounts/src/rpc/account_server.go:68.16,71.3 2 1
backend/apps/accounts/src/rpc/account_server.go:75.45,78.3 2 1
backend/apps/accounts/src/rpc/account_server.go:80.20,82.17 2 1
backend/apps/accounts/src/rpc/account_server.go:82.17,85.4 2 0
backend/apps/accounts/src/rpc/account_server.go:96.45,104.2 4 1
backend/apps/accounts/src/rpc/account_server.go:106.102,108.29 2 1
backend/apps/accounts/src/rpc/account_server.go:111.2,118.16 4 1
backend/apps/accounts/src/rpc/account_server.go:122.2,124.20 2 1
backend/apps/accounts/src/rpc/account_server.go:129.2,131.16 3 1
backend/apps/accounts/src/rpc/account_server.go:139.2,139.29 1 1
backend/apps/accounts/src/rpc/account_server.go:147.2,153.18 3 1
backend/apps/accounts/src/rpc/account_server.go:108.29,110.3 1 1
backend/apps/accounts/src/rpc/account_server.go:118.16,121.3 2 0
backend/apps/accounts/src/rpc/account_server.go:124.20,127.3 2 1
backend/apps/accounts/src/rpc/account_server.go:131.16,133.17 2 1
backend/apps/accounts/src/rpc/account_server.go:133.17,136.4 2 0
backend/apps/accounts/src/rpc/account_server.go:139.29,142.3 2 1
backend/apps/accounts/src/rpc/account_server.go:142.8,145.3 2 1
backend/apps/accounts/src/rpc/account_server.go:156.92,159.16 3 1
backend/apps/accounts/src/rpc/account_server.go:176.2,176.29 1 1
backend/apps/accounts/src/rpc/account_server.go:182.2,187.18 4 1
backend/apps/accounts/src/rpc/account_server.go:159.16,160.38 1 1
backend/apps/accounts/src/rpc/account_server.go:160.38,162.4 1 1
backend/apps/accounts/src/rpc/account_server.go:163.8,166.17 3 1
backend/apps/accounts/src/rpc/account_server.go:171.3,172.14 2 1
backend/apps/accounts/src/rpc/account_server.go:166.17,169.4 2 1
backend/apps/accounts/src/rpc/account_server.go:176.29,178.3 1 1
backend/apps/accounts/src/rpc/account_server.go:178.8,180.3 1 1
backend/apps/accounts/src/rpc/user_server.go:23.78,27.14 4 1
backend/apps/accounts/src/rpc/user_server.go:30.2,30.15 1 1
backend/apps/accounts/src/rpc/user_server.go:27.14,29.3 1 0
backend/apps/accounts/src/rpc/user_server.go:33.99,42.21 4 1
backend/apps/accounts/src/rpc/user_server.go:47.2,53.21 2 1
backend/apps/accounts/src/rpc/user_server.go:58.2,61.54 3 1
backend/apps/accounts/src/rpc/user_server.go:69.2,72.16 3 1
backend/apps/accounts/src/rpc/user_server.go:77.2,81.16 2 1
backend/apps/accounts/src/rpc/user_server.go:86.2,94.18 4 1
backend/apps/accounts/src/rpc/user_server.go:42.21,45.3 2 1
backend/apps/accounts/src/rpc/user_server.go:53.21,56.3 2 1
backend/apps/accounts/src/rpc/user_server.go:61.54,67.3 2 0
backend/apps/accounts/src/rpc/user_server.go:72.16,75.3 2 0
backend/apps/accounts/src/rpc/user_server.go:81.16,84.3 2 0
backend/apps/accounts/src/rpc/user_server.go:97.103,101.16 3 1
backend/apps/accounts/src/rpc/user_server.go:106.2,108.32 3 1
backend/apps/accounts/src/rpc/user_server.go:126.2,131.8 2 1
backend/apps/accounts/src/rpc/user_server.go:101.16,104.3 2 0
backend/apps/accounts/src/rpc/user_server.go:108.32,111.38 2 1
backend/apps/accounts/src/rpc/user_server.go:115.3,123.5 1 1
backend/apps/accounts/src/rpc/user_server.go:111.38,113.4 1 0
